17/06/11 14:49:18 WARN streaming.StreamJob: -file option is deprecated, please use generic option -files instead.
packageJobJar: [mapper.py, reducer.py, /tmp/hadoop-unjar908628992761082978/] [] /tmp/streamjob3468781984105564986.jar tmpDir=null
17/06/11 14:49:18 INFO client.RMProxy: Connecting to ResourceManager at localhost/127.0.0.1:8050
17/06/11 14:49:19 INFO client.RMProxy: Connecting to ResourceManager at localhost/127.0.0.1:8050
17/06/11 14:49:19 INFO mapred.FileInputFormat: Total input paths to process : 6
17/06/11 14:49:19 INFO mapreduce.JobSubmitter: number of splits:6
17/06/11 14:49:19 INFO mapreduce.JobSubmitter: Submitting tokens for job: job_1497183961540_0002
17/06/11 14:49:19 INFO impl.YarnClientImpl: Submitted application application_1497183961540_0002
17/06/11 14:49:19 INFO mapreduce.Job: The url to track the job: http://lsdabox:8088/proxy/application_1497183961540_0002/
17/06/11 14:49:19 INFO mapreduce.Job: Running job: job_1497183961540_0002
17/06/11 14:49:24 INFO mapreduce.Job: Job job_1497183961540_0002 running in uber mode : false
17/06/11 14:49:24 INFO mapreduce.Job:  map 0% reduce 0%
17/06/11 14:49:38 INFO mapreduce.Job:  map 49% reduce 0%
17/06/11 14:49:40 INFO mapreduce.Job:  map 100% reduce 0%
17/06/11 14:49:49 INFO mapreduce.Job:  map 100% reduce 100%
17/06/11 14:49:50 INFO mapreduce.Job: Job job_1497183961540_0002 completed successfully
17/06/11 14:49:50 INFO mapreduce.Job: Counters: 49
	File System Counters
		FILE: Number of bytes read=27774636
		FILE: Number of bytes written=56402197
		FILE: Number of read operations=0
		FILE: Number of large read operations=0
		FILE: Number of write operations=0
		HDFS: Number of bytes read=211806569
		HDFS: Number of bytes written=509
		HDFS: Number of read operations=21
		HDFS: Number of large read operations=0
		HDFS: Number of write operations=2
	Job Counters 
		Launched map tasks=6
		Launched reduce tasks=1
		Data-local map tasks=6
		Total time spent by all maps in occupied slots (ms)=80362
		Total time spent by all reduces in occupied slots (ms)=6571
		Total time spent by all map tasks (ms)=80362
		Total time spent by all reduce tasks (ms)=6571
		Total vcore-milliseconds taken by all map tasks=80362
		Total vcore-milliseconds taken by all reduce tasks=6571
		Total megabyte-milliseconds taken by all map tasks=82290688
		Total megabyte-milliseconds taken by all reduce tasks=6728704
	Map-Reduce Framework
		Map input records=2777469
		Map output records=2777463
		Map output bytes=22219704
		Map output materialized bytes=27774666
		Input split bytes=672
		Combine input records=0
		Combine output records=0
		Reduce input groups=12
		Reduce shuffle bytes=27774666
		Reduce input records=2777463
		Reduce output records=12
		Spilled Records=5554926
		Shuffled Maps =6
		Failed Shuffles=0
		Merged Map outputs=6
		GC time elapsed (ms)=1066
		CPU time spent (ms)=20010
		Physical memory (bytes) snapshot=1559564288
		Virtual memory (bytes) snapshot=13405638656
		Total committed heap usage (bytes)=1257766912
	Shuffle Errors
		BAD_ID=0
		CONNECTION=0
		IO_ERROR=0
		WRONG_LENGTH=0
		WRONG_MAP=0
		WRONG_REDUCE=0
	File Input Format Counters 
		Bytes Read=211805897
	File Output Format Counters 
		Bytes Written=509
17/06/11 14:49:50 INFO streaming.StreamJob: Output directory: out/1b_late_arrival_counts
