17/06/12 06:10:53 WARN streaming.StreamJob: -file option is deprecated, please use generic option -files instead.
packageJobJar: [mapper.py, combiner.py, reducer.py, /tmp/hadoop-unjar1435737619979480049/] [] /tmp/streamjob1769067731645710421.jar tmpDir=null
17/06/12 06:10:53 INFO client.RMProxy: Connecting to ResourceManager at localhost/127.0.0.1:8050
17/06/12 06:10:54 INFO client.RMProxy: Connecting to ResourceManager at localhost/127.0.0.1:8050
17/06/12 06:10:54 INFO mapred.FileInputFormat: Total input paths to process : 6
17/06/12 06:10:54 INFO mapreduce.JobSubmitter: number of splits:6
17/06/12 06:10:54 INFO mapreduce.JobSubmitter: Submitting tokens for job: job_1497239888790_0003
17/06/12 06:10:54 INFO impl.YarnClientImpl: Submitted application application_1497239888790_0003
17/06/12 06:10:54 INFO mapreduce.Job: The url to track the job: http://lsdabox:8088/proxy/application_1497239888790_0003/
17/06/12 06:10:54 INFO mapreduce.Job: Running job: job_1497239888790_0003
17/06/12 06:10:59 INFO mapreduce.Job: Job job_1497239888790_0003 running in uber mode : false
17/06/12 06:10:59 INFO mapreduce.Job:  map 0% reduce 0%
17/06/12 06:11:13 INFO mapreduce.Job:  map 48% reduce 0%
17/06/12 06:11:14 INFO mapreduce.Job:  map 59% reduce 0%
17/06/12 06:11:16 INFO mapreduce.Job:  map 67% reduce 0%
17/06/12 06:11:27 INFO mapreduce.Job:  map 83% reduce 0%
17/06/12 06:11:29 INFO mapreduce.Job:  map 100% reduce 0%
17/06/12 06:11:37 INFO mapreduce.Job:  map 100% reduce 100%
17/06/12 06:11:37 INFO mapreduce.Job: Job job_1497239888790_0003 completed successfully
17/06/12 06:11:38 INFO mapreduce.Job: Counters: 49
	File System Counters
		FILE: Number of bytes read=1271279
		FILE: Number of bytes written=3400019
		FILE: Number of read operations=0
		FILE: Number of large read operations=0
		FILE: Number of write operations=0
		HDFS: Number of bytes read=211806569
		HDFS: Number of bytes written=2164
		HDFS: Number of read operations=21
		HDFS: Number of large read operations=0
		HDFS: Number of write operations=2
	Job Counters 
		Launched map tasks=6
		Launched reduce tasks=1
		Data-local map tasks=6
		Total time spent by all maps in occupied slots (ms)=159837
		Total time spent by all reduces in occupied slots (ms)=6333
		Total time spent by all map tasks (ms)=159837
		Total time spent by all reduce tasks (ms)=6333
		Total vcore-milliseconds taken by all map tasks=159837
		Total vcore-milliseconds taken by all reduce tasks=6333
		Total megabyte-milliseconds taken by all map tasks=163673088
		Total megabyte-milliseconds taken by all reduce tasks=6484992
	Map-Reduce Framework
		Map input records=2777469
		Map output records=2777463
		Map output bytes=44138581
		Map output materialized bytes=1271309
		Input split bytes=672
		Combine input records=2777463
		Combine output records=72
		Reduce input groups=12
		Reduce shuffle bytes=1271309
		Reduce input records=72
		Reduce output records=12
		Spilled Records=144
		Shuffled Maps =6
		Failed Shuffles=0
		Merged Map outputs=6
		GC time elapsed (ms)=1642
		CPU time spent (ms)=66850
		Physical memory (bytes) snapshot=1610190848
		Virtual memory (bytes) snapshot=13405368320
		Total committed heap usage (bytes)=1270874112
	Shuffle Errors
		BAD_ID=0
		CONNECTION=0
		IO_ERROR=0
		WRONG_LENGTH=0
		WRONG_MAP=0
		WRONG_REDUCE=0
	File Input Format Counters 
		Bytes Read=211805897
	File Output Format Counters 
		Bytes Written=2164
17/06/12 06:11:38 INFO streaming.StreamJob: Output directory: out/1d_top10_arrival_delays
