17/06/10 22:06:44 WARN streaming.StreamJob: -file option is deprecated, please use generic option -files instead.
packageJobJar: [mapper.py, reducer.py, /tmp/hadoop-unjar6830261437728606957/] [] /tmp/streamjob8038751277777585943.jar tmpDir=null
17/06/10 22:06:45 INFO client.RMProxy: Connecting to ResourceManager at localhost/127.0.0.1:8050
17/06/10 22:06:45 INFO client.RMProxy: Connecting to ResourceManager at localhost/127.0.0.1:8050
17/06/10 22:06:45 INFO mapred.FileInputFormat: Total input paths to process : 6
17/06/10 22:06:45 INFO mapreduce.JobSubmitter: number of splits:6
17/06/10 22:06:45 INFO mapreduce.JobSubmitter: Submitting tokens for job: job_1497110946339_0010
17/06/10 22:06:45 INFO impl.YarnClientImpl: Submitted application application_1497110946339_0010
17/06/10 22:06:45 INFO mapreduce.Job: The url to track the job: http://lsdabox:8088/proxy/application_1497110946339_0010/
17/06/10 22:06:45 INFO mapreduce.Job: Running job: job_1497110946339_0010
17/06/10 22:06:51 INFO mapreduce.Job: Job job_1497110946339_0010 running in uber mode : false
17/06/10 22:06:51 INFO mapreduce.Job:  map 0% reduce 0%
17/06/10 22:07:04 INFO mapreduce.Job:  map 78% reduce 0%
17/06/10 22:07:06 INFO mapreduce.Job:  map 100% reduce 0%
17/06/10 22:07:15 INFO mapreduce.Job:  map 100% reduce 100%
17/06/10 22:07:15 INFO mapreduce.Job: Job job_1497110946339_0010 completed successfully
17/06/10 22:07:16 INFO mapreduce.Job: Counters: 49
	File System Counters
		FILE: Number of bytes read=39698443
		FILE: Number of bytes written=80249909
		FILE: Number of read operations=0
		FILE: Number of large read operations=0
		FILE: Number of write operations=0
		HDFS: Number of bytes read=211806569
		HDFS: Number of bytes written=137
		HDFS: Number of read operations=21
		HDFS: Number of large read operations=0
		HDFS: Number of write operations=2
	Job Counters 
		Launched map tasks=6
		Launched reduce tasks=1
		Data-local map tasks=6
		Total time spent by all maps in occupied slots (ms)=76319
		Total time spent by all reduces in occupied slots (ms)=6568
		Total time spent by all map tasks (ms)=76319
		Total time spent by all reduce tasks (ms)=6568
		Total vcore-milliseconds taken by all map tasks=76319
		Total vcore-milliseconds taken by all reduce tasks=6568
		Total megabyte-milliseconds taken by all map tasks=78150656
		Total megabyte-milliseconds taken by all reduce tasks=6725632
	Map-Reduce Framework
		Map input records=2777469
		Map output records=2777463
		Map output bytes=34143511
		Map output materialized bytes=39698473
		Input split bytes=672
		Combine input records=0
		Combine output records=0
		Reduce input groups=12
		Reduce shuffle bytes=39698473
		Reduce input records=2777463
		Reduce output records=12
		Spilled Records=5554926
		Shuffled Maps =6
		Failed Shuffles=0
		Merged Map outputs=6
		GC time elapsed (ms)=1336
		CPU time spent (ms)=17750
		Physical memory (bytes) snapshot=1659801600
		Virtual memory (bytes) snapshot=13414629376
		Total committed heap usage (bytes)=1251475456
	Shuffle Errors
		BAD_ID=0
		CONNECTION=0
		IO_ERROR=0
		WRONG_LENGTH=0
		WRONG_MAP=0
		WRONG_REDUCE=0
	File Input Format Counters 
		Bytes Read=211805897
	File Output Format Counters 
		Bytes Written=137
17/06/10 22:07:16 INFO streaming.StreamJob: Output directory: out/1a_shortest_flight_distance
