17/06/14 20:48:21 WARN streaming.StreamJob: -file option is deprecated, please use generic option -files instead.
packageJobJar: [mapper.py, combiner.py, reducer.py, /tmp/hadoop-unjar6829331547760204245/] [] /tmp/streamjob1376860636054957049.jar tmpDir=null
17/06/14 20:48:21 INFO client.RMProxy: Connecting to ResourceManager at localhost/127.0.0.1:8050
17/06/14 20:48:22 INFO client.RMProxy: Connecting to ResourceManager at localhost/127.0.0.1:8050
17/06/14 20:48:22 INFO mapred.FileInputFormat: Total input paths to process : 1
17/06/14 20:48:22 INFO net.NetworkTopology: Adding a new node: /default-rack/127.0.0.1:50010
17/06/14 20:48:22 INFO mapreduce.JobSubmitter: number of splits:3
17/06/14 20:48:22 INFO mapreduce.JobSubmitter: Submitting tokens for job: job_1497462483237_0004
17/06/14 20:48:22 INFO impl.YarnClientImpl: Submitted application application_1497462483237_0004
17/06/14 20:48:22 INFO mapreduce.Job: The url to track the job: http://lsdabox:8088/proxy/application_1497462483237_0004/
17/06/14 20:48:22 INFO mapreduce.Job: Running job: job_1497462483237_0004
17/06/14 20:48:27 INFO mapreduce.Job: Job job_1497462483237_0004 running in uber mode : false
17/06/14 20:48:27 INFO mapreduce.Job:  map 0% reduce 0%
17/06/14 20:48:37 INFO mapreduce.Job:  map 6% reduce 0%
17/06/14 20:48:39 INFO mapreduce.Job:  map 10% reduce 0%
17/06/14 20:48:40 INFO mapreduce.Job:  map 15% reduce 0%
17/06/14 20:48:43 INFO mapreduce.Job:  map 17% reduce 0%
17/06/14 20:48:44 INFO mapreduce.Job:  map 22% reduce 0%
17/06/14 20:48:46 INFO mapreduce.Job:  map 25% reduce 0%
17/06/14 20:48:47 INFO mapreduce.Job:  map 30% reduce 0%
17/06/14 20:48:49 INFO mapreduce.Job:  map 38% reduce 0%
17/06/14 20:48:52 INFO mapreduce.Job:  map 44% reduce 0%
17/06/14 20:48:53 INFO mapreduce.Job:  map 46% reduce 0%
17/06/14 20:48:55 INFO mapreduce.Job:  map 55% reduce 0%
17/06/14 20:48:58 INFO mapreduce.Job:  map 63% reduce 0%
17/06/14 20:49:01 INFO mapreduce.Job:  map 67% reduce 0%
17/06/14 20:49:02 INFO mapreduce.Job:  map 78% reduce 0%
17/06/14 20:49:04 INFO mapreduce.Job:  map 89% reduce 0%
17/06/14 20:49:05 INFO mapreduce.Job:  map 100% reduce 0%
17/06/14 20:49:08 INFO mapreduce.Job:  map 100% reduce 100%
17/06/14 20:49:09 INFO mapreduce.Job: Job job_1497462483237_0004 completed successfully
17/06/14 20:49:09 INFO mapreduce.Job: Counters: 50
	File System Counters
		FILE: Number of bytes read=274
		FILE: Number of bytes written=490345
		FILE: Number of read operations=0
		FILE: Number of large read operations=0
		FILE: Number of write operations=0
		HDFS: Number of bytes read=403699996
		HDFS: Number of bytes written=80
		HDFS: Number of read operations=12
		HDFS: Number of large read operations=0
		HDFS: Number of write operations=2
	Job Counters 
		Launched map tasks=3
		Launched reduce tasks=1
		Data-local map tasks=2
		Rack-local map tasks=1
		Total time spent by all maps in occupied slots (ms)=102693
		Total time spent by all reduces in occupied slots (ms)=2689
		Total time spent by all map tasks (ms)=102693
		Total time spent by all reduce tasks (ms)=2689
		Total vcore-milliseconds taken by all map tasks=102693
		Total vcore-milliseconds taken by all reduce tasks=2689
		Total megabyte-milliseconds taken by all map tasks=105157632
		Total megabyte-milliseconds taken by all reduce tasks=2753536
	Map-Reduce Framework
		Map input records=9000000
		Map output records=9000000
		Map output bytes=54000000
		Map output materialized bytes=286
		Input split bytes=339
		Combine input records=9000000
		Combine output records=21
		Reduce input groups=7
		Reduce shuffle bytes=286
		Reduce input records=21
		Reduce output records=7
		Spilled Records=42
		Shuffled Maps =3
		Failed Shuffles=0
		Merged Map outputs=3
		GC time elapsed (ms)=454
		CPU time spent (ms)=89150
		Physical memory (bytes) snapshot=952541184
		Virtual memory (bytes) snapshot=7662616576
		Total committed heap usage (bytes)=680525824
	Shuffle Errors
		BAD_ID=0
		CONNECTION=0
		IO_ERROR=0
		WRONG_LENGTH=0
		WRONG_MAP=0
		WRONG_REDUCE=0
	File Input Format Counters 
		Bytes Read=403699657
	File Output Format Counters 
		Bytes Written=80
17/06/14 20:49:09 INFO streaming.StreamJob: Output directory: out/2_landsat_stats
