17/06/11 19:21:58 WARN streaming.StreamJob: -file option is deprecated, please use generic option -files instead.
packageJobJar: [mapper.py, combiner.py, reducer.py, /tmp/hadoop-unjar6775979134498773199/] [] /tmp/streamjob4651826839231852246.jar tmpDir=null
17/06/11 19:21:59 INFO client.RMProxy: Connecting to ResourceManager at localhost/127.0.0.1:8050
17/06/11 19:21:59 INFO client.RMProxy: Connecting to ResourceManager at localhost/127.0.0.1:8050
17/06/11 19:22:00 INFO mapred.FileInputFormat: Total input paths to process : 6
17/06/11 19:22:01 INFO mapreduce.JobSubmitter: number of splits:6
17/06/11 19:22:01 INFO mapreduce.JobSubmitter: Submitting tokens for job: job_1497183961540_0003
17/06/11 19:22:01 INFO impl.YarnClientImpl: Submitted application application_1497183961540_0003
17/06/11 19:22:01 INFO mapreduce.Job: The url to track the job: http://lsdabox:8088/proxy/application_1497183961540_0003/
17/06/11 19:22:01 INFO mapreduce.Job: Running job: job_1497183961540_0003
17/06/11 19:22:06 INFO mapreduce.Job: Job job_1497183961540_0003 running in uber mode : false
17/06/11 19:22:06 INFO mapreduce.Job:  map 0% reduce 0%
17/06/11 19:22:22 INFO mapreduce.Job:  map 37% reduce 0%
17/06/11 19:22:23 INFO mapreduce.Job:  map 54% reduce 0%
17/06/11 19:22:24 INFO mapreduce.Job:  map 100% reduce 0%
17/06/11 19:22:30 INFO mapreduce.Job:  map 100% reduce 100%
17/06/11 19:22:31 INFO mapreduce.Job: Job job_1497183961540_0003 completed successfully
17/06/11 19:22:31 INFO mapreduce.Job: Counters: 50
	File System Counters
		FILE: Number of bytes read=2528
		FILE: Number of bytes written=862580
		FILE: Number of read operations=0
		FILE: Number of large read operations=0
		FILE: Number of write operations=0
		HDFS: Number of bytes read=211806569
		HDFS: Number of bytes written=413
		HDFS: Number of read operations=21
		HDFS: Number of large read operations=0
		HDFS: Number of write operations=2
	Job Counters 
		Killed map tasks=1
		Launched map tasks=6
		Launched reduce tasks=1
		Data-local map tasks=6
		Total time spent by all maps in occupied slots (ms)=93472
		Total time spent by all reduces in occupied slots (ms)=2460
		Total time spent by all map tasks (ms)=93472
		Total time spent by all reduce tasks (ms)=2460
		Total vcore-milliseconds taken by all map tasks=93472
		Total vcore-milliseconds taken by all reduce tasks=2460
		Total megabyte-milliseconds taken by all map tasks=95715328
		Total megabyte-milliseconds taken by all reduce tasks=2519040
	Map-Reduce Framework
		Map input records=2777469
		Map output records=2777463
		Map output bytes=31262785
		Map output materialized bytes=2558
		Input split bytes=672
		Combine input records=2777463
		Combine output records=72
		Reduce input groups=12
		Reduce shuffle bytes=2558
		Reduce input records=72
		Reduce output records=12
		Spilled Records=144
		Shuffled Maps =6
		Failed Shuffles=0
		Merged Map outputs=6
		GC time elapsed (ms)=1294
		CPU time spent (ms)=17960
		Physical memory (bytes) snapshot=1592520704
		Virtual memory (bytes) snapshot=13418299392
		Total committed heap usage (bytes)=1264058368
	Shuffle Errors
		BAD_ID=0
		CONNECTION=0
		IO_ERROR=0
		WRONG_LENGTH=0
		WRONG_MAP=0
		WRONG_REDUCE=0
	File Input Format Counters 
		Bytes Read=211805897
	File Output Format Counters 
		Bytes Written=413
17/06/11 19:22:31 INFO streaming.StreamJob: Output directory: out/1c_mean_std_arrival_delay
